

========================================= NEW FASTML RUN STARTED ===========================================
COMMAND: perl /Users/starrettgj/soft/FastML.v3.1/www/fastml/FastML_Wrapper.pl --MSA_file HPV68.fasta --seqType nuc --Tree HPV68.nwk --outDir ./HPV68_fastml --SubMatrix GTR
FULL RUNNING PARAMETERS (INCLUDING DEFAULTS):
--MSA_File ./HPV68_fastml/HPV68.fasta --outDir ./HPV68_fastml/ --seqType nuc --Tree ./HPV68_fastml/HPV68.nwk --TreeAlg NJ --SubMatrix GTR --OptimizeBL YES --UseGamma YES --Alpha  --jointReconstruction YES --indelReconstruction BOTH --indelCutOff 0.5

RunFastML: running cd ./HPV68_fastml/; /Users/starrettgj/soft/FastML.v3.1/www/fastml/../../programs/fastml/fastml -s ./HPV68_fastml/HPV68.fasta -mg -qf -t ./HPV68_fastml/HPV68.nwk -g > ./HPV68_fastml/fastml.std

The file seq.marginal.txt or prob.marginal.txt was not created.

	FASTML EXIT ON ERROR:
FASTML failed to run, one of the files seq.marginal.txt or prob.marginal.txt were not created...


Exit Time: 11:43:27 20-12-2019


========================================= NEW FASTML RUN STARTED ===========================================
COMMAND: perl /Users/starrettgj/soft/FastML.v3.1/www/fastml/FastML_Wrapper.pl --MSA_file HPV68.fasta --seqType nuc --Tree HPV68.nwk --outDir /Volumes/Samsung_X5/Val_HPV_evolution/revisions/HPV68_fastml --SubMatrix GTR
FULL RUNNING PARAMETERS (INCLUDING DEFAULTS):
--MSA_File /Volumes/Samsung_X5/Val_HPV_evolution/revisions/HPV68_fastml/HPV68.fasta --outDir /Volumes/Samsung_X5/Val_HPV_evolution/revisions/HPV68_fastml/ --seqType nuc --Tree /Volumes/Samsung_X5/Val_HPV_evolution/revisions/HPV68_fastml/HPV68.nwk --TreeAlg NJ --SubMatrix GTR --OptimizeBL YES --UseGamma YES --Alpha  --jointReconstruction YES --indelReconstruction BOTH --indelCutOff 0.5

RunFastML: running cd /Volumes/Samsung_X5/Val_HPV_evolution/revisions/HPV68_fastml/; /Users/starrettgj/soft/FastML.v3.1/www/fastml/../../programs/fastml/fastml -s /Volumes/Samsung_X5/Val_HPV_evolution/revisions/HPV68_fastml/HPV68.fasta -mg -qf -t /Volumes/Samsung_X5/Val_HPV_evolution/revisions/HPV68_fastml/HPV68.nwk -g > /Volumes/Samsung_X5/Val_HPV_evolution/revisions/HPV68_fastml/fastml.std

The file seq.marginal.txt or prob.marginal.txt was not created.

	FASTML EXIT ON ERROR:
FASTML failed to run, one of the files seq.marginal.txt or prob.marginal.txt were not created...


Exit Time: 11:48:02 20-12-2019


========================================= NEW FASTML RUN STARTED ===========================================
COMMAND: perl /Users/starrettgj/soft/FastML.v3.1/www/fastml/FastML_Wrapper.pl --MSA_file HPV68.fasta.fix --seqType nuc --Tree HPV68.nwk --outDir /Volumes/Samsung_X5/Val_HPV_evolution/revisions/HPV68_fastml --SubMatrix GTR
FULL RUNNING PARAMETERS (INCLUDING DEFAULTS):
--MSA_File /Volumes/Samsung_X5/Val_HPV_evolution/revisions/HPV68_fastml/HPV68.fasta.fix --outDir /Volumes/Samsung_X5/Val_HPV_evolution/revisions/HPV68_fastml/ --seqType nuc --Tree /Volumes/Samsung_X5/Val_HPV_evolution/revisions/HPV68_fastml/HPV68.nwk --TreeAlg NJ --SubMatrix GTR --OptimizeBL YES --UseGamma YES --Alpha  --jointReconstruction YES --indelReconstruction BOTH --indelCutOff 0.5

RunFastML: running cd /Volumes/Samsung_X5/Val_HPV_evolution/revisions/HPV68_fastml/; /Users/starrettgj/soft/FastML.v3.1/www/fastml/../../programs/fastml/fastml -s /Volumes/Samsung_X5/Val_HPV_evolution/revisions/HPV68_fastml/HPV68.fasta.fix -mg -qf -t /Volumes/Samsung_X5/Val_HPV_evolution/revisions/HPV68_fastml/HPV68.nwk -g > /Volumes/Samsung_X5/Val_HPV_evolution/revisions/HPV68_fastml/fastml.std
IndelReconstruction: cd /Volumes/Samsung_X5/Val_HPV_evolution/revisions/HPV68_fastml/; perl /Users/starrettgj/soft/FastML.v3.1/www/fastml/IndelReconstruction_Wrapper.pl --MSA_File /Volumes/Samsung_X5/Val_HPV_evolution/revisions/HPV68_fastml/HPV68.fasta.fix --Tree_File /Volumes/Samsung_X5/Val_HPV_evolution/revisions/HPV68_fastml/HPV68.nwk --outDir /Volumes/Samsung_X5/Val_HPV_evolution/revisions/HPV68_fastml/ --seqType nuc --indelCutOff 0.5  > /Volumes/Samsung_X5/Val_HPV_evolution/revisions/HPV68_fastml//IndelReconstruction.log
